2026.03.11 09:48:38 INFO  Started: Metals version 1.6.6 in folders '/Users/efeaksoy/Documents/GitHub/Uni_Lernblaetter/EiS_Lernblatt' for client Visual Studio Code 1.106.2.
2026.03.11 09:48:38 INFO  Memory monitor started
2026.03.11 09:48:38 WARN  Using H2 2.4.240 which is newer than the version Flyway has been verified with. The latest verified version of H2 is 2.3.232.
2026.03.11 09:48:38 INFO  no build target found for /Users/efeaksoy/Documents/GitHub/Uni_Lernblaetter/EiS_Lernblatt/Hallo.scala. Using presentation compiler with project's scala-library version: 3.3.7
2026.03.11 09:48:41 INFO  Running List(/Users/efeaksoy/Library/Application Support/Coursier/bin/scala-cli, setup-ide, /Users/efeaksoy/Documents/GitHub/Uni_Lernblaetter/EiS_Lernblatt)
2026.03.11 09:48:42 INFO  Attempting to connect to the build server...
2026.03.11 09:48:42 INFO  Running BSP server List(/Users/efeaksoy/Library/Application Support/Coursier/bin/.scala-cli.aux, bsp, --json-options, /Users/efeaksoy/Documents/GitHub/Uni_Lernblaetter/EiS_Lernblatt/.scala-build/ide-options-v2.json, --json-launcher-options, /Users/efeaksoy/Documents/GitHub/Uni_Lernblaetter/EiS_Lernblatt/.scala-build/ide-launcher-options.json, --envs-file, /Users/efeaksoy/Documents/GitHub/Uni_Lernblaetter/EiS_Lernblatt/.scala-build/ide-envs.json, /Users/efeaksoy/Documents/GitHub/Uni_Lernblaetter/EiS_Lernblatt)
2026.03.11 09:48:41 INFO  tracing is disabled for protocol BSP, to enable tracing of incoming and outgoing JSON messages create an empty file at /Users/efeaksoy/Documents/GitHub/Uni_Lernblaetter/EiS_Lernblatt/.metals/bsp.trace.json or /Users/efeaksoy/Library/Caches/org.scalameta.metals/bsp.trace.json
2026.03.11 09:48:42 INFO  BSP server: Downloading https://repo1.maven.org/maven2/ch/epfl/scala/bloop-frontend_2.12/2.0.2/bloop-frontend_2.12-2.0.2.pom
2026.03.11 09:48:42 INFO  BSP server: Downloaded https://repo1.maven.org/maven2/ch/epfl/scala/bloop-frontend_2.12/2.0.2/bloop-frontend_2.12-2.0.2.pom
2026.03.11 09:48:42 INFO  BSP server: Downloading https://repo1.maven.org/maven2/ch/epfl/scala/bloop-shared_2.12/2.0.2/bloop-shared_2.12-2.0.2.pom
2026.03.11 09:48:42 INFO  BSP server: Downloading https://repo1.maven.org/maven2/ch/epfl/scala/libdaemon_2.12/0.0.12/libdaemon_2.12-0.0.12.pom
2026.03.11 09:48:42 INFO  BSP server: Downloading https://repo1.maven.org/maven2/ch/epfl/scala/scala-debug-adapter_2.12/4.2.1/scala-debug-adapter_2.12-4.2.1.pom
2026.03.11 09:48:42 INFO  BSP server: Downloading https://repo1.maven.org/maven2/ch/epfl/scala/bloop-config_2.12/2.0.3/bloop-config_2.12-2.0.3.pom
2026.03.11 09:48:42 INFO  BSP server: Downloading https://repo1.maven.org/maven2/org/scala-lang/scala-library/2.12.20/scala-library-2.12.20.pom
2026.03.11 09:48:42 INFO  BSP server: Downloading https://repo1.maven.org/maven2/ch/qos/logback/logback-classic/1.5.8/logback-classic-1.5.8.pom
2026.03.11 09:48:42 INFO  BSP server: Downloaded https://repo1.maven.org/maven2/org/scala-lang/scala-library/2.12.20/scala-library-2.12.20.pom
2026.03.11 09:48:42 INFO  BSP server: Downloading https://repo1.maven.org/maven2/ch/epfl/scala/bloop-backend_2.12/2.0.2/bloop-backend_2.12-2.0.2.pom
2026.03.11 09:48:42 INFO  BSP server: Downloaded https://repo1.maven.org/maven2/ch/epfl/scala/bloop-config_2.12/2.0.3/bloop-config_2.12-2.0.3.pom
2026.03.11 09:48:42 INFO  BSP server: Downloaded https://repo1.maven.org/maven2/ch/qos/logback/logback-classic/1.5.8/logback-classic-1.5.8.pom
2026.03.11 09:48:42 INFO  BSP server: Downloaded https://repo1.maven.org/maven2/ch/epfl/scala/libdaemon_2.12/0.0.12/libdaemon_2.12-0.0.12.pom
2026.03.11 09:48:42 INFO  BSP server: Downloaded https://repo1.maven.org/maven2/ch/epfl/scala/bloop-shared_2.12/2.0.2/bloop-shared_2.12-2.0.2.pom
2026.03.11 09:48:42 INFO  BSP server: Downloaded https://repo1.maven.org/maven2/ch/epfl/scala/scala-debug-adapter_2.12/4.2.1/scala-debug-adapter_2.12-4.2.1.pom
2026.03.11 09:48:42 INFO  BSP server: Downloaded https://repo1.maven.org/maven2/ch/epfl/scala/bloop-backend_2.12/2.0.2/bloop-backend_2.12-2.0.2.pom
2026.03.11 09:48:42 INFO  BSP server: Downloading https://repo1.maven.org/maven2/ch/qos/logback/logback-parent/1.5.8/logback-parent-1.5.8.pom
2026.03.11 09:48:42 INFO  BSP server: Downloaded https://repo1.maven.org/maven2/ch/qos/logback/logback-parent/1.5.8/logback-parent-1.5.8.pom
2026.03.11 09:48:42 INFO  BSP server: Downloading https://repo1.maven.org/maven2/io/get-coursier/interface/1.0.21/interface-1.0.21.pom
2026.03.11 09:48:42 INFO  BSP server: Downloading https://repo1.maven.org/maven2/org/scala-sbt/test-agent/1.10.2/test-agent-1.10.2.pom
2026.03.11 09:48:42 INFO  BSP server: Downloading https://repo1.maven.org/maven2/ch/qos/logback/logback-core/1.5.8/logback-core-1.5.8.pom
2026.03.11 09:48:42 INFO  BSP server: Downloading https://repo1.maven.org/maven2/org/scala-sbt/zinc_2.12/1.10.2/zinc_2.12-1.10.2.pom
2026.03.11 09:48:42 INFO  BSP server: Downloading https://repo1.maven.org/maven2/com/github/plokhotnyuk/jsoniter-scala/jsoniter-scala-macros_2.12/2.13.3.2/jsoniter-scala-macros_2.12-2.13.3.2.pom
2026.03.11 09:48:42 INFO  BSP server: Downloading https://repo1.maven.org/maven2/org/scala-sbt/librarymanagement-ivy_2.12/1.10.1/librarymanagement-ivy_2.12-1.10.1.pom
2026.03.11 09:48:42 INFO  BSP server: Downloaded https://repo1.maven.org/maven2/org/scala-sbt/test-agent/1.10.2/test-agent-1.10.2.pom
2026.03.11 09:48:42 INFO  BSP server: Downloading https://repo1.maven.org/maven2/org/scalameta/parsers_2.12/4.9.9/parsers_2.12-4.9.9.pom
2026.03.11 09:48:42 INFO  BSP server: Downloaded https://repo1.maven.org/maven2/org/scala-sbt/zinc_2.12/1.10.2/zinc_2.12-1.10.2.pom
2026.03.11 09:48:42 INFO  BSP server: Downloading https://repo1.maven.org/maven2/dev/dirs/directories/26/directories-26.pom
2026.03.11 09:48:42 INFO  BSP server: Downloaded https://repo1.maven.org/maven2/io/get-coursier/interface/1.0.21/interface-1.0.21.pom
2026.03.11 09:48:42 INFO  BSP server: Downloading https://repo1.maven.org/maven2/com/lihaoyi/unroll-annotation_2.12/0.1.12/unroll-annotation_2.12-0.1.12.pom
2026.03.11 09:48:42 INFO  BSP server: Downloaded https://repo1.maven.org/maven2/ch/qos/logback/logback-core/1.5.8/logback-core-1.5.8.pom
2026.03.11 09:48:42 INFO  BSP server: Downloading https://repo1.maven.org/maven2/org/scala-lang/scala-reflect/2.12.20/scala-reflect-2.12.20.pom
2026.03.11 09:48:43 WARN  no build target for: /Users/efeaksoy/Documents/GitHub/Uni_Lernblaetter/EiS_Lernblatt/Hallo.scala
2026.03.11 09:48:42 INFO  BSP server: Downloaded https://repo1.maven.org/maven2/com/github/plokhotnyuk/jsoniter-scala/jsoniter-scala-macros_2.12/2.13.3.2/jsoniter-scala-macros_2.12-2.13.3.2.pom
2026.03.11 09:48:42 INFO  BSP server: Downloading https://repo1.maven.org/maven2/ch/epfl/scala/com-microsoft-java-debug-core/0.34.0+32/com-microsoft-java-debug-core-0.34.0+32.pom
2026.03.11 09:48:42 INFO  BSP server: Downloaded https://repo1.maven.org/maven2/org/scala-sbt/librarymanagement-ivy_2.12/1.10.1/librarymanagement-ivy_2.12-1.10.1.pom
2026.03.11 09:48:42 INFO  BSP server: Downloaded https://repo1.maven.org/maven2/dev/dirs/directories/26/directories-26.pom
2026.03.11 09:48:42 INFO  BSP server: Downloading https://repo1.maven.org/maven2/com/lihaoyi/sourcecode_2.12/0.4.2/sourcecode_2.12-0.4.2.pom
2026.03.11 09:48:42 INFO  BSP server: Downloading https://repo1.maven.org/maven2/org/slf4j/slf4j-api/2.0.15/slf4j-api-2.0.15.pom
2026.03.11 09:48:42 INFO  BSP server: Downloaded https://repo1.maven.org/maven2/org/scalameta/parsers_2.12/4.9.9/parsers_2.12-4.9.9.pom
2026.03.11 09:48:42 INFO  BSP server: Downloaded https://repo1.maven.org/maven2/org/scala-lang/scala-reflect/2.12.20/scala-reflect-2.12.20.pom
2026.03.11 09:48:42 INFO  BSP server: Downloaded https://repo1.maven.org/maven2/com/lihaoyi/unroll-annotation_2.12/0.1.12/unroll-annotation_2.12-0.1.12.pom
2026.03.11 09:48:43 WARN  Could not find semantic tokens for: file:///Users/efeaksoy/Documents/GitHub/Uni_Lernblaetter/EiS_Lernblatt/Hallo.scala
2026.03.11 09:48:42 INFO  BSP server: Downloaded https://repo1.maven.org/maven2/ch/epfl/scala/com-microsoft-java-debug-core/0.34.0+32/com-microsoft-java-debug-core-0.34.0+32.pom
2026.03.11 09:48:42 INFO  BSP server: Downloaded https://repo1.maven.org/maven2/com/lihaoyi/sourcecode_2.12/0.4.2/sourcecode_2.12-0.4.2.pom
2026.03.11 09:48:43 INFO  BSP server: Downloaded https://repo1.maven.org/maven2/org/slf4j/slf4j-api/2.0.15/slf4j-api-2.0.15.pom
2026.03.11 09:48:43 INFO  BSP server: Downloading https://repo1.maven.org/maven2/org/slf4j/slf4j-parent/2.0.15/slf4j-parent-2.0.15.pom
2026.03.11 09:48:43 INFO  BSP server: Downloaded https://repo1.maven.org/maven2/org/slf4j/slf4j-parent/2.0.15/slf4j-parent-2.0.15.pom
2026.03.11 09:48:43 INFO  BSP server: Downloading https://repo1.maven.org/maven2/org/slf4j/slf4j-bom/2.0.15/slf4j-bom-2.0.15.pom
2026.03.11 09:48:43 INFO  BSP server: Downloaded https://repo1.maven.org/maven2/org/slf4j/slf4j-bom/2.0.15/slf4j-bom-2.0.15.pom
2026.03.11 09:48:43 INFO  BSP server: Downloading https://repo1.maven.org/maven2/org/scalameta/trees_2.12/4.9.9/trees_2.12-4.9.9.pom
2026.03.11 09:48:43 INFO  BSP server: Downloading https://repo1.maven.org/maven2/me/vican/jorge/jsonrpc4s_2.12/0.1.0/jsonrpc4s_2.12-0.1.0.pom
2026.03.11 09:48:43 INFO  BSP server: Downloading https://repo1.maven.org/maven2/org/scala-sbt/zinc-persist_2.12/1.10.2/zinc-persist_2.12-1.10.2.pom
2026.03.11 09:48:43 INFO  BSP server: Downloading https://repo1.maven.org/maven2/org/scala-sbt/librarymanagement-core_2.12/1.10.1/librarymanagement-core_2.12-1.10.1.pom
2026.03.11 09:48:43 INFO  BSP server: Downloading https://repo1.maven.org/maven2/org/scala-sbt/zinc-classfile_2.12/1.10.2/zinc-classfile_2.12-1.10.2.pom
2026.03.11 09:48:43 INFO  BSP server: Downloading https://repo1.maven.org/maven2/org/scala-sbt/zinc-compile-core_2.12/1.10.2/zinc-compile-core_2.12-1.10.2.pom
2026.03.11 09:48:43 INFO  BSP server: Downloaded https://repo1.maven.org/maven2/org/scala-sbt/zinc-persist_2.12/1.10.2/zinc-persist_2.12-1.10.2.pom
2026.03.11 09:48:43 INFO  BSP server: Downloading https://repo1.maven.org/maven2/org/scala-sbt/zinc-core_2.12/1.10.2/zinc-core_2.12-1.10.2.pom
2026.03.11 09:48:43 INFO  BSP server: Downloaded https://repo1.maven.org/maven2/org/scala-sbt/zinc-classfile_2.12/1.10.2/zinc-classfile_2.12-1.10.2.pom
2026.03.11 09:48:43 INFO  BSP server: Downloaded https://repo1.maven.org/maven2/org/scala-sbt/librarymanagement-core_2.12/1.10.1/librarymanagement-core_2.12-1.10.1.pom
2026.03.11 09:48:43 INFO  BSP server: Downloaded https://repo1.maven.org/maven2/org/scalameta/trees_2.12/4.9.9/trees_2.12-4.9.9.pom
2026.03.11 09:48:43 INFO  BSP server: Downloaded https://repo1.maven.org/maven2/me/vican/jorge/jsonrpc4s_2.12/0.1.0/jsonrpc4s_2.12-0.1.0.pom
2026.03.11 09:48:43 INFO  BSP server: Downloaded https://repo1.maven.org/maven2/org/scala-sbt/zinc-core_2.12/1.10.2/zinc-core_2.12-1.10.2.pom
2026.03.11 09:48:43 INFO  BSP server: Downloaded https://repo1.maven.org/maven2/org/scala-sbt/zinc-compile-core_2.12/1.10.2/zinc-compile-core_2.12-1.10.2.pom
2026.03.11 09:48:43 INFO  BSP server: Downloading https://repo1.maven.org/maven2/org/scala-sbt/launcher-interface/1.4.3/launcher-interface-1.4.3.pom
2026.03.11 09:48:43 INFO  BSP server: Downloading https://repo1.maven.org/maven2/org/scala-lang/scala-compiler/2.12.20/scala-compiler-2.12.20.pom
2026.03.11 09:48:43 INFO  BSP server: Downloading https://repo1.maven.org/maven2/org/scala-sbt/zinc-classpath_2.12/1.10.2/zinc-classpath_2.12-1.10.2.pom
2026.03.11 09:48:43 INFO  BSP server: Downloading https://repo1.maven.org/maven2/org/scala-sbt/util-control_2.12/1.10.1/util-control_2.12-1.10.1.pom
2026.03.11 09:48:43 INFO  BSP server: Downloading https://repo1.maven.org/maven2/org/scala-sbt/util-logging_2.12/1.10.1/util-logging_2.12-1.10.1.pom
2026.03.11 09:48:43 INFO  BSP server: Downloading https://repo1.maven.org/maven2/org/scala-sbt/zinc-persist-core-assembly/1.10.2/zinc-persist-core-assembly-1.10.2.pom
2026.03.11 09:48:43 INFO  BSP server: Downloaded https://repo1.maven.org/maven2/org/scala-sbt/launcher-interface/1.4.3/launcher-interface-1.4.3.pom
2026.03.11 09:48:43 INFO  BSP server: Downloading https://repo1.maven.org/maven2/org/scala-sbt/util-relation_2.12/1.10.1/util-relation_2.12-1.10.1.pom
2026.03.11 09:48:43 INFO  BSP server: Downloaded https://repo1.maven.org/maven2/org/scala-sbt/zinc-classpath_2.12/1.10.2/zinc-classpath_2.12-1.10.2.pom
2026.03.11 09:48:43 INFO  BSP server: Downloaded https://repo1.maven.org/maven2/org/scala-sbt/util-control_2.12/1.10.1/util-control_2.12-1.10.1.pom
2026.03.11 09:48:43 INFO  BSP server: Downloading https://repo1.maven.org/maven2/org/scalameta/common_2.12/4.9.9/common_2.12-4.9.9.pom
2026.03.11 09:48:43 INFO  BSP server: Downloading https://repo1.maven.org/maven2/org/scala-sbt/zinc-apiinfo_2.12/1.10.2/zinc-apiinfo_2.12-1.10.2.pom
2026.03.11 09:48:43 INFO  BSP server: Downloaded https://repo1.maven.org/maven2/org/scala-lang/scala-compiler/2.12.20/scala-compiler-2.12.20.pom
2026.03.11 09:48:43 INFO  BSP server: Downloading https://repo1.maven.org/maven2/org/scala-sbt/compiler-interface/1.10.2/compiler-interface-1.10.2.pom
2026.03.11 09:48:43 INFO  BSP server: Downloaded https://repo1.maven.org/maven2/org/scala-sbt/util-logging_2.12/1.10.1/util-logging_2.12-1.10.1.pom
2026.03.11 09:48:43 INFO  BSP server: Downloaded https://repo1.maven.org/maven2/org/scala-sbt/util-relation_2.12/1.10.1/util-relation_2.12-1.10.1.pom
2026.03.11 09:48:43 INFO  BSP server: Downloaded https://repo1.maven.org/maven2/org/scalameta/common_2.12/4.9.9/common_2.12-4.9.9.pom
2026.03.11 09:48:43 INFO  BSP server: Downloaded https://repo1.maven.org/maven2/org/scala-sbt/compiler-interface/1.10.2/compiler-interface-1.10.2.pom
2026.03.11 09:48:43 INFO  BSP server: Downloaded https://repo1.maven.org/maven2/org/scala-sbt/zinc-apiinfo_2.12/1.10.2/zinc-apiinfo_2.12-1.10.2.pom
2026.03.11 09:48:43 INFO  BSP server: Downloaded https://repo1.maven.org/maven2/org/scala-sbt/zinc-persist-core-assembly/1.10.2/zinc-persist-core-assembly-1.10.2.pom
2026.03.11 09:48:43 INFO  BSP server: Downloading https://repo1.maven.org/maven2/org/scala-sbt/util-interface/1.10.1/util-interface-1.10.1.pom
2026.03.11 09:48:43 INFO  BSP server: Downloading https://repo1.maven.org/maven2/org/scala-sbt/collections_2.12/1.10.1/collections_2.12-1.10.1.pom
2026.03.11 09:48:43 INFO  BSP server: Downloading https://repo1.maven.org/maven2/org/scala-sbt/compiler-bridge_2.12/1.10.2/compiler-bridge_2.12-1.10.2.pom
2026.03.11 09:48:43 INFO  BSP server: Downloading https://repo1.maven.org/maven2/org/scala-sbt/core-macros_2.12/1.10.1/core-macros_2.12-1.10.1.pom
2026.03.11 09:48:43 INFO  BSP server: Downloading https://repo1.maven.org/maven2/com/eed3si9n/sjson-new-scalajson_2.12/0.10.1/sjson-new-scalajson_2.12-0.10.1.pom
2026.03.11 09:48:43 INFO  no build target found for /Users/efeaksoy/Documents/GitHub/Uni_Lernblaetter/EiS_Lernblatt/Hallo.scala. Using presentation compiler with project's scala-library version: 3.3.7
2026.03.11 09:48:43 INFO  BSP server: Downloaded https://repo1.maven.org/maven2/org/scala-sbt/collections_2.12/1.10.1/collections_2.12-1.10.1.pom
2026.03.11 09:48:43 INFO  BSP server: Downloaded https://repo1.maven.org/maven2/com/eed3si9n/sjson-new-scalajson_2.12/0.10.1/sjson-new-scalajson_2.12-0.10.1.pom
2026.03.11 09:48:43 INFO  BSP server: Downloaded https://repo1.maven.org/maven2/org/scala-sbt/compiler-bridge_2.12/1.10.2/compiler-bridge_2.12-1.10.2.pom
2026.03.11 09:48:43 INFO  BSP server: Downloaded https://repo1.maven.org/maven2/org/scala-sbt/util-interface/1.10.1/util-interface-1.10.1.pom
2026.03.11 09:48:43 INFO  BSP server: Downloaded https://repo1.maven.org/maven2/org/scala-sbt/core-macros_2.12/1.10.1/core-macros_2.12-1.10.1.pom
2026.03.11 09:48:43 INFO  BSP server: Downloading https://repo1.maven.org/maven2/org/scala-sbt/util-position_2.12/1.10.1/util-position_2.12-1.10.1.pom
2026.03.11 09:48:43 INFO  BSP server: Downloading https://repo1.maven.org/maven2/com/eed3si9n/shaded-jawn-parser_2.12/1.3.2/shaded-jawn-parser_2.12-1.3.2.pom
2026.03.11 09:48:43 INFO  BSP server: Downloading https://repo1.maven.org/maven2/com/eed3si9n/sjson-new-core_2.12/0.10.1/sjson-new-core_2.12-0.10.1.pom
2026.03.11 09:48:43 WARN  Could not find semantic tokens for: file:///Users/efeaksoy/Documents/GitHub/Uni_Lernblaetter/EiS_Lernblatt/Hallo.scala
2026.03.11 09:48:43 INFO  BSP server: Downloaded https://repo1.maven.org/maven2/org/scala-sbt/util-position_2.12/1.10.1/util-position_2.12-1.10.1.pom
2026.03.11 09:48:43 INFO  BSP server: Downloaded https://repo1.maven.org/maven2/com/eed3si9n/sjson-new-core_2.12/0.10.1/sjson-new-core_2.12-0.10.1.pom
2026.03.11 09:48:43 INFO  BSP server: Downloaded https://repo1.maven.org/maven2/com/eed3si9n/shaded-jawn-parser_2.12/1.3.2/shaded-jawn-parser_2.12-1.3.2.pom
2026.03.11 09:48:43 INFO  BSP server: Downloading https://repo1.maven.org/maven2/org/slf4j/slf4j-api/2.0.15/slf4j-api-2.0.15.jar
2026.03.11 09:48:43 INFO  BSP server: Downloading https://repo1.maven.org/maven2/ch/epfl/scala/bloop-backend_2.12/2.0.2/bloop-backend_2.12-2.0.2.jar
2026.03.11 09:48:43 INFO  BSP server: Downloading https://repo1.maven.org/maven2/org/scala-sbt/zinc_2.12/1.10.2/zinc_2.12-1.10.2.jar
2026.03.11 09:48:43 INFO  BSP server: Downloading https://repo1.maven.org/maven2/com/eed3si9n/sjson-new-core_2.12/0.10.1/sjson-new-core_2.12-0.10.1.jar
2026.03.11 09:48:43 INFO  BSP server: Downloading https://repo1.maven.org/maven2/org/scala-sbt/util-control_2.12/1.10.1/util-control_2.12-1.10.1.jar
2026.03.11 09:48:43 INFO  BSP server: Downloading https://repo1.maven.org/maven2/org/scala-sbt/zinc-compile-core_2.12/1.10.2/zinc-compile-core_2.12-1.10.2.jar
2026.03.11 09:48:43 INFO  BSP server: Downloaded https://repo1.maven.org/maven2/org/scala-sbt/util-control_2.12/1.10.1/util-control_2.12-1.10.1.jar
2026.03.11 09:48:43 INFO  BSP server: Downloading https://repo1.maven.org/maven2/org/scala-sbt/zinc-apiinfo_2.12/1.10.2/zinc-apiinfo_2.12-1.10.2.jar
2026.03.11 09:48:43 INFO  BSP server: Downloaded https://repo1.maven.org/maven2/org/slf4j/slf4j-api/2.0.15/slf4j-api-2.0.15.jar
2026.03.11 09:48:43 INFO  BSP server: Downloading https://repo1.maven.org/maven2/org/scala-sbt/zinc-persist_2.12/1.10.2/zinc-persist_2.12-1.10.2.jar
2026.03.11 09:48:43 INFO  BSP server: Downloaded https://repo1.maven.org/maven2/org/scala-sbt/zinc_2.12/1.10.2/zinc_2.12-1.10.2.jar
2026.03.11 09:48:43 INFO  BSP server: Downloading https://repo1.maven.org/maven2/org/scala-sbt/core-macros_2.12/1.10.1/core-macros_2.12-1.10.1.jar
2026.03.11 09:48:43 INFO  BSP server: Downloaded https://repo1.maven.org/maven2/org/scala-sbt/core-macros_2.12/1.10.1/core-macros_2.12-1.10.1.jar
2026.03.11 09:48:43 INFO  BSP server: Downloading https://repo1.maven.org/maven2/org/scala-sbt/test-agent/1.10.2/test-agent-1.10.2.jar
2026.03.11 09:48:43 INFO  BSP server: Downloaded https://repo1.maven.org/maven2/com/eed3si9n/sjson-new-core_2.12/0.10.1/sjson-new-core_2.12-0.10.1.jar
2026.03.11 09:48:43 INFO  BSP server: Downloading https://repo1.maven.org/maven2/org/scala-sbt/collections_2.12/1.10.1/collections_2.12-1.10.1.jar
2026.03.11 09:48:43 INFO  BSP server: Downloaded https://repo1.maven.org/maven2/org/scala-sbt/zinc-apiinfo_2.12/1.10.2/zinc-apiinfo_2.12-1.10.2.jar
2026.03.11 09:48:43 INFO  BSP server: Downloading https://repo1.maven.org/maven2/org/scala-sbt/zinc-persist-core-assembly/1.10.2/zinc-persist-core-assembly-1.10.2.jar
2026.03.11 09:48:43 INFO  BSP server: Downloaded https://repo1.maven.org/maven2/org/scala-sbt/zinc-compile-core_2.12/1.10.2/zinc-compile-core_2.12-1.10.2.jar
2026.03.11 09:48:43 INFO  BSP server: Downloading https://repo1.maven.org/maven2/ch/epfl/scala/bloop-shared_2.12/2.0.2/bloop-shared_2.12-2.0.2.jar
2026.03.11 09:48:43 INFO  BSP server: Downloaded https://repo1.maven.org/maven2/org/scala-sbt/zinc-persist_2.12/1.10.2/zinc-persist_2.12-1.10.2.jar
2026.03.11 09:48:43 INFO  BSP server: Downloading https://repo1.maven.org/maven2/org/scalameta/parsers_2.12/4.9.9/parsers_2.12-4.9.9.jar
2026.03.11 09:48:43 INFO  BSP server: Downloaded https://repo1.maven.org/maven2/org/scala-sbt/test-agent/1.10.2/test-agent-1.10.2.jar
2026.03.11 09:48:43 INFO  BSP server: Downloading https://repo1.maven.org/maven2/org/scala-sbt/librarymanagement-core_2.12/1.10.1/librarymanagement-core_2.12-1.10.1.jar
2026.03.11 09:48:43 INFO  BSP server: Downloaded https://repo1.maven.org/maven2/org/scala-sbt/collections_2.12/1.10.1/collections_2.12-1.10.1.jar
2026.03.11 09:48:43 INFO  BSP server: Downloading https://repo1.maven.org/maven2/org/scalameta/common_2.12/4.9.9/common_2.12-4.9.9.jar
2026.03.11 09:48:43 INFO  BSP server: Downloaded https://repo1.maven.org/maven2/org/scalameta/common_2.12/4.9.9/common_2.12-4.9.9.jar
2026.03.11 09:48:43 INFO  BSP server: Downloading https://repo1.maven.org/maven2/io/get-coursier/interface/1.0.21/interface-1.0.21.jar
2026.03.11 09:48:43 INFO  BSP server: Downloaded https://repo1.maven.org/maven2/org/scalameta/parsers_2.12/4.9.9/parsers_2.12-4.9.9.jar
2026.03.11 09:48:43 INFO  BSP server: Downloading https://repo1.maven.org/maven2/org/scala-sbt/zinc-core_2.12/1.10.2/zinc-core_2.12-1.10.2.jar
2026.03.11 09:48:44 INFO  BSP server: Downloaded https://repo1.maven.org/maven2/ch/epfl/scala/bloop-shared_2.12/2.0.2/bloop-shared_2.12-2.0.2.jar
2026.03.11 09:48:44 INFO  BSP server: Downloading https://repo1.maven.org/maven2/ch/epfl/scala/libdaemon_2.12/0.0.12/libdaemon_2.12-0.0.12.jar
2026.03.11 09:48:44 INFO  BSP server: Downloaded https://repo1.maven.org/maven2/org/scala-sbt/librarymanagement-core_2.12/1.10.1/librarymanagement-core_2.12-1.10.1.jar
2026.03.11 09:48:44 INFO  BSP server: Downloading https://repo1.maven.org/maven2/com/eed3si9n/sjson-new-scalajson_2.12/0.10.1/sjson-new-scalajson_2.12-0.10.1.jar
2026.03.11 09:48:44 INFO  BSP server: Downloaded https://repo1.maven.org/maven2/com/eed3si9n/sjson-new-scalajson_2.12/0.10.1/sjson-new-scalajson_2.12-0.10.1.jar
2026.03.11 09:48:44 INFO  BSP server: Downloading https://repo1.maven.org/maven2/com/github/plokhotnyuk/jsoniter-scala/jsoniter-scala-macros_2.12/2.13.3.2/jsoniter-scala-macros_2.12-2.13.3.2.jar
2026.03.11 09:48:44 INFO  BSP server: Downloaded https://repo1.maven.org/maven2/com/github/plokhotnyuk/jsoniter-scala/jsoniter-scala-macros_2.12/2.13.3.2/jsoniter-scala-macros_2.12-2.13.3.2.jar
2026.03.11 09:48:44 INFO  BSP server: Downloading https://repo1.maven.org/maven2/org/scala-sbt/launcher-interface/1.4.3/launcher-interface-1.4.3.jar
2026.03.11 09:48:44 INFO  BSP server: Downloaded https://repo1.maven.org/maven2/ch/epfl/scala/libdaemon_2.12/0.0.12/libdaemon_2.12-0.0.12.jar
2026.03.11 09:48:44 INFO  BSP server: Downloading https://repo1.maven.org/maven2/org/scala-sbt/librarymanagement-ivy_2.12/1.10.1/librarymanagement-ivy_2.12-1.10.1.jar
2026.03.11 09:48:44 INFO  BSP server: Downloaded https://repo1.maven.org/maven2/org/scala-sbt/launcher-interface/1.4.3/launcher-interface-1.4.3.jar
2026.03.11 09:48:44 INFO  BSP server: Downloading https://repo1.maven.org/maven2/org/scala-sbt/compiler-bridge_2.12/1.10.2/compiler-bridge_2.12-1.10.2.jar
2026.03.11 09:48:44 INFO  BSP server: Downloaded https://repo1.maven.org/maven2/org/scala-sbt/zinc-persist-core-assembly/1.10.2/zinc-persist-core-assembly-1.10.2.jar
2026.03.11 09:48:44 INFO  BSP server: Downloading https://repo1.maven.org/maven2/org/scala-lang/scala-compiler/2.12.20/scala-compiler-2.12.20.jar
2026.03.11 09:48:44 INFO  BSP server: Downloaded https://repo1.maven.org/maven2/org/scala-sbt/compiler-bridge_2.12/1.10.2/compiler-bridge_2.12-1.10.2.jar
2026.03.11 09:48:44 INFO  BSP server: Downloading https://repo1.maven.org/maven2/com/eed3si9n/shaded-jawn-parser_2.12/1.3.2/shaded-jawn-parser_2.12-1.3.2.jar
2026.03.11 09:48:44 INFO  BSP server: Downloaded https://repo1.maven.org/maven2/ch/epfl/scala/bloop-backend_2.12/2.0.2/bloop-backend_2.12-2.0.2.jar
2026.03.11 09:48:44 INFO  BSP server: Downloading https://repo1.maven.org/maven2/com/lihaoyi/unroll-annotation_2.12/0.1.12/unroll-annotation_2.12-0.1.12.jar
2026.03.11 09:48:44 INFO  BSP server: Downloaded https://repo1.maven.org/maven2/com/eed3si9n/shaded-jawn-parser_2.12/1.3.2/shaded-jawn-parser_2.12-1.3.2.jar
2026.03.11 09:48:44 INFO  BSP server: Downloading https://repo1.maven.org/maven2/com/github/plokhotnyuk/jsoniter-scala/jsoniter-scala-core_2.12/2.13.3.2/jsoniter-scala-core_2.12-2.13.3.2.jar
2026.03.11 09:48:44 INFO  BSP server: Downloaded https://repo1.maven.org/maven2/com/github/plokhotnyuk/jsoniter-scala/jsoniter-scala-core_2.12/2.13.3.2/jsoniter-scala-core_2.12-2.13.3.2.jar
2026.03.11 09:48:44 INFO  BSP server: Downloading https://repo1.maven.org/maven2/ch/qos/logback/logback-classic/1.5.8/logback-classic-1.5.8.jar
2026.03.11 09:48:44 INFO  BSP server: Downloaded https://repo1.maven.org/maven2/com/lihaoyi/unroll-annotation_2.12/0.1.12/unroll-annotation_2.12-0.1.12.jar
2026.03.11 09:48:44 INFO  BSP server: Downloading https://repo1.maven.org/maven2/org/scala-sbt/util-position_2.12/1.10.1/util-position_2.12-1.10.1.jar
2026.03.11 09:48:44 INFO  BSP server: Downloaded https://repo1.maven.org/maven2/org/scala-sbt/util-position_2.12/1.10.1/util-position_2.12-1.10.1.jar
2026.03.11 09:48:44 INFO  BSP server: Downloading https://repo1.maven.org/maven2/org/scala-sbt/util-relation_2.12/1.10.1/util-relation_2.12-1.10.1.jar
2026.03.11 09:48:44 INFO  BSP server: Downloaded https://repo1.maven.org/maven2/ch/qos/logback/logback-classic/1.5.8/logback-classic-1.5.8.jar
2026.03.11 09:48:44 INFO  BSP server: Downloading https://repo1.maven.org/maven2/ch/epfl/scala/com-microsoft-java-debug-core/0.34.0+32/com-microsoft-java-debug-core-0.34.0+32.jar
2026.03.11 09:48:44 INFO  BSP server: Downloaded https://repo1.maven.org/maven2/io/get-coursier/interface/1.0.21/interface-1.0.21.jar
2026.03.11 09:48:44 INFO  BSP server: Downloading https://repo1.maven.org/maven2/ch/epfl/scala/scala-debug-adapter_2.12/4.2.1/scala-debug-adapter_2.12-4.2.1.jar
2026.03.11 09:48:44 INFO  BSP server: Downloaded https://repo1.maven.org/maven2/org/scala-sbt/util-relation_2.12/1.10.1/util-relation_2.12-1.10.1.jar
2026.03.11 09:48:44 INFO  BSP server: Downloading https://repo1.maven.org/maven2/org/scala-sbt/zinc-classpath_2.12/1.10.2/zinc-classpath_2.12-1.10.2.jar
2026.03.11 09:48:44 INFO  BSP server: Downloaded https://repo1.maven.org/maven2/ch/epfl/scala/com-microsoft-java-debug-core/0.34.0+32/com-microsoft-java-debug-core-0.34.0+32.jar
2026.03.11 09:48:44 INFO  BSP server: Downloading https://repo1.maven.org/maven2/ch/epfl/scala/bloop-config_2.12/2.0.3/bloop-config_2.12-2.0.3.jar
2026.03.11 09:48:44 INFO  BSP server: Downloaded https://repo1.maven.org/maven2/ch/epfl/scala/scala-debug-adapter_2.12/4.2.1/scala-debug-adapter_2.12-4.2.1.jar
2026.03.11 09:48:44 INFO  BSP server: Downloading https://repo1.maven.org/maven2/org/scala-sbt/zinc-classfile_2.12/1.10.2/zinc-classfile_2.12-1.10.2.jar
2026.03.11 09:48:44 INFO  BSP server: Downloaded https://repo1.maven.org/maven2/org/scala-sbt/zinc-classpath_2.12/1.10.2/zinc-classpath_2.12-1.10.2.jar
2026.03.11 09:48:44 INFO  BSP server: Downloading https://repo1.maven.org/maven2/org/scala-sbt/util-logging_2.12/1.10.1/util-logging_2.12-1.10.1.jar
2026.03.11 09:48:44 INFO  BSP server: Downloaded https://repo1.maven.org/maven2/org/scala-sbt/zinc-classfile_2.12/1.10.2/zinc-classfile_2.12-1.10.2.jar
2026.03.11 09:48:44 INFO  BSP server: Downloading https://repo1.maven.org/maven2/ch/qos/logback/logback-core/1.5.8/logback-core-1.5.8.jar
2026.03.11 09:48:44 INFO  BSP server: Downloaded https://repo1.maven.org/maven2/ch/epfl/scala/bloop-config_2.12/2.0.3/bloop-config_2.12-2.0.3.jar
2026.03.11 09:48:44 INFO  BSP server: Downloading https://repo1.maven.org/maven2/dev/dirs/directories/26/directories-26.jar
2026.03.11 09:48:45 INFO  BSP server: Downloaded https://repo1.maven.org/maven2/org/scala-sbt/librarymanagement-ivy_2.12/1.10.1/librarymanagement-ivy_2.12-1.10.1.jar
2026.03.11 09:48:45 INFO  BSP server: Downloading https://repo1.maven.org/maven2/org/scala-sbt/util-interface/1.10.1/util-interface-1.10.1.jar
2026.03.11 09:48:45 INFO  BSP server: Downloaded https://repo1.maven.org/maven2/dev/dirs/directories/26/directories-26.jar
2026.03.11 09:48:45 INFO  BSP server: Downloading https://repo1.maven.org/maven2/org/scalameta/trees_2.12/4.9.9/trees_2.12-4.9.9.jar
2026.03.11 09:48:45 INFO  BSP server: Downloaded https://repo1.maven.org/maven2/ch/qos/logback/logback-core/1.5.8/logback-core-1.5.8.jar
2026.03.11 09:48:45 INFO  BSP server: Downloading https://repo1.maven.org/maven2/ch/epfl/scala/bloop-frontend_2.12/2.0.2/bloop-frontend_2.12-2.0.2.jar
2026.03.11 09:48:45 INFO  BSP server: Downloaded https://repo1.maven.org/maven2/org/scala-sbt/util-interface/1.10.1/util-interface-1.10.1.jar
2026.03.11 09:48:45 INFO  BSP server: Downloading https://repo1.maven.org/maven2/org/scala-sbt/compiler-interface/1.10.2/compiler-interface-1.10.2.jar
2026.03.11 09:48:45 INFO  BSP server: Downloaded https://repo1.maven.org/maven2/org/scala-sbt/compiler-interface/1.10.2/compiler-interface-1.10.2.jar
2026.03.11 09:48:45 INFO  BSP server: Downloading https://repo1.maven.org/maven2/me/vican/jorge/jsonrpc4s_2.12/0.1.0/jsonrpc4s_2.12-0.1.0.jar
2026.03.11 09:48:45 INFO  BSP server: Downloaded https://repo1.maven.org/maven2/org/scala-sbt/util-logging_2.12/1.10.1/util-logging_2.12-1.10.1.jar
2026.03.11 09:48:45 INFO  BSP server: Downloaded https://repo1.maven.org/maven2/org/scala-sbt/zinc-core_2.12/1.10.2/zinc-core_2.12-1.10.2.jar
2026.03.11 09:48:45 INFO  BSP server: Downloaded https://repo1.maven.org/maven2/me/vican/jorge/jsonrpc4s_2.12/0.1.0/jsonrpc4s_2.12-0.1.0.jar
2026.03.11 09:48:45 INFO  BSP server: Downloaded https://repo1.maven.org/maven2/ch/epfl/scala/bloop-frontend_2.12/2.0.2/bloop-frontend_2.12-2.0.2.jar
2026.03.11 09:48:46 INFO  BSP server: Downloaded https://repo1.maven.org/maven2/org/scala-lang/scala-compiler/2.12.20/scala-compiler-2.12.20.jar
2026.03.11 09:48:46 INFO  BSP server: Downloaded https://repo1.maven.org/maven2/org/scalameta/trees_2.12/4.9.9/trees_2.12-4.9.9.jar
2026.03.11 09:48:46 INFO  BSP server: Starting compilation server
2026.03.11 09:48:48 INFO  BSP server: Downloading https://repo1.maven.org/maven2/org/scala-lang/scala3-sbt-bridge/3.5.1/scala3-sbt-bridge-3.5.1.pom
2026.03.11 09:48:48 INFO  BSP server: Downloaded https://repo1.maven.org/maven2/org/scala-lang/scala3-sbt-bridge/3.5.1/scala3-sbt-bridge-3.5.1.pom
2026.03.11 09:48:48 INFO  BSP server: Downloading https://repo1.maven.org/maven2/org/scala-lang/scala3-sbt-bridge/3.5.1/scala3-sbt-bridge-3.5.1.jar
2026.03.11 09:48:48 INFO  BSP server: Downloaded https://repo1.maven.org/maven2/org/scala-lang/scala3-sbt-bridge/3.5.1/scala3-sbt-bridge-3.5.1.jar
2026.03.11 09:48:48 INFO  BSP server: Downloading https://repo1.maven.org/maven2/com/sourcegraph/semanticdb-javac/0.10.0/semanticdb-javac-0.10.0.pom
2026.03.11 09:48:48 INFO  BSP server: Downloaded https://repo1.maven.org/maven2/com/sourcegraph/semanticdb-javac/0.10.0/semanticdb-javac-0.10.0.pom
2026.03.11 09:48:48 INFO  BSP server: Downloading https://repo1.maven.org/maven2/com/sourcegraph/semanticdb-javac/0.10.0/semanticdb-javac-0.10.0.jar
2026.03.11 09:48:48 INFO  BSP server: Downloaded https://repo1.maven.org/maven2/com/sourcegraph/semanticdb-javac/0.10.0/semanticdb-javac-0.10.0.jar
2026.03.11 09:48:48 INFO  time: Connected to build server in 6.62s
2026.03.11 09:48:48 INFO  Connected to Build server: scala-cli v1.5.1
2026.03.11 09:48:48 INFO  compiling eis_lernblatt_f4dd477a3a (1 scala source)
2026.03.11 09:48:50 INFO  time: compiled EiS_Lernblatt_f4dd477a3a in 1.2s
2026.03.11 09:48:50 WARN  Using H2 2.4.240 which is newer than the version Flyway has been verified with. The latest verified version of H2 is 2.3.232.
2026.03.11 09:48:57 INFO  time: indexed workspace in 8.79s
2026.03.11 09:48:58 WARN  Could not find semantic tokens for: file:///Users/efeaksoy/Documents/GitHub/Uni_Lernblaetter/EiS_Lernblatt/Hallo.scala
2026.03.11 09:49:00 WARN  Could not find semantic tokens for: file:///Users/efeaksoy/Documents/GitHub/Uni_Lernblaetter/EiS_Lernblatt/Hallo.scala
2026.03.11 09:49:36 INFO  compiling eis_lernblatt_f4dd477a3a (1 scala source)
2026.03.11 09:49:36 INFO  time: compiled EiS_Lernblatt_f4dd477a3a in 0.63s
2026.03.11 09:50:08 INFO  compiling eis_lernblatt_f4dd477a3a (1 scala source)
2026.03.11 09:50:08 INFO  time: compiled EiS_Lernblatt_f4dd477a3a in 0.18s
2026.03.11 09:50:15 INFO  compiling eis_lernblatt_f4dd477a3a (1 scala source)
2026.03.11 09:50:15 INFO  time: compiled EiS_Lernblatt_f4dd477a3a in 0.14s
März 11, 2026 9:51:34 AM org.eclipse.lsp4j.jsonrpc.services.GenericEndpoint notify
INFORMATION: Unsupported notification method: $/setTrace
2026.03.11 09:51:40 INFO  compiling eis_lernblatt_f4dd477a3a (1 scala source)
2026.03.11 09:51:40 INFO  time: compiled EiS_Lernblatt_f4dd477a3a in 0.19s
2026.03.11 09:52:22 INFO  compiling eis_lernblatt_f4dd477a3a (1 scala source)
2026.03.11 09:52:22 INFO  time: compiled EiS_Lernblatt_f4dd477a3a in 0.13s
2026.03.11 09:52:23 INFO  compiling eis_lernblatt_f4dd477a3a (1 scala source)
2026.03.11 09:52:23 INFO  time: compiled EiS_Lernblatt_f4dd477a3a in 0.11s
2026.03.11 10:06:11 WARN  Could not find semantic tokens for: file:///Users/efeaksoy/Documents/GitHub/Uni_Lernblaetter/EiS_Lernblatt/Hallo.scala
2026.03.11 10:06:13 INFO  compiling eis_lernblatt_f4dd477a3a (1 scala source)
2026.03.11 10:06:13 INFO  time: compiled EiS_Lernblatt_f4dd477a3a in 44ms
2026.03.11 10:06:13 WARN  Could not find semantic tokens for: file:///Users/efeaksoy/Documents/GitHub/Uni_Lernblaetter/EiS_Lernblatt/Hallo.scala
2026.03.11 10:06:38 WARN  Could not find semantic tokens for: file:///Users/efeaksoy/Documents/GitHub/Uni_Lernblaetter/EiS_Lernblatt/Hallo.scala
2026.03.11 10:06:39 WARN  Could not find semantic tokens for: file:///Users/efeaksoy/Documents/GitHub/Uni_Lernblaetter/EiS_Lernblatt/Hallo.scala
2026.03.11 10:06:40 INFO  compiling eis_lernblatt_f4dd477a3a (1 scala source)
2026.03.11 10:06:40 INFO  time: compiled EiS_Lernblatt_f4dd477a3a in 0.12s
2026.03.11 10:06:40 WARN  Could not find semantic tokens for: file:///Users/efeaksoy/Documents/GitHub/Uni_Lernblaetter/EiS_Lernblatt/Hallo.scala
2026.03.11 10:06:40 WARN  Could not find semantic tokens for: file:///Users/efeaksoy/Documents/GitHub/Uni_Lernblaetter/EiS_Lernblatt/Hallo.scala
2026.03.11 10:06:41 INFO  compiling eis_lernblatt_f4dd477a3a (1 scala source)
2026.03.11 10:06:41 INFO  time: compiled EiS_Lernblatt_f4dd477a3a in 23ms
2026.03.11 10:06:41 WARN  Could not find semantic tokens for: file:///Users/efeaksoy/Documents/GitHub/Uni_Lernblaetter/EiS_Lernblatt/Hallo.scala
2026.03.11 10:06:46 WARN  Could not find semantic tokens for: file:///Users/efeaksoy/Documents/GitHub/Uni_Lernblaetter/EiS_Lernblatt/Hallo.scala
2026.03.11 10:06:48 INFO  compiling eis_lernblatt_f4dd477a3a (1 scala source)
2026.03.11 10:06:48 INFO  time: compiled EiS_Lernblatt_f4dd477a3a in 95ms
2026.03.11 10:06:51 INFO  compiling eis_lernblatt_f4dd477a3a (1 scala source)
2026.03.11 10:06:51 INFO  time: compiled EiS_Lernblatt_f4dd477a3a in 53ms
2026.03.11 10:07:38 INFO  compiling eis_lernblatt_f4dd477a3a (1 scala source)
2026.03.11 10:07:38 INFO  time: compiled EiS_Lernblatt_f4dd477a3a in 0.19s
März 11, 2026 10:10:44 AM org.eclipse.lsp4j.jsonrpc.services.GenericEndpoint notify
INFORMATION: Unsupported notification method: $/setTrace
März 11, 2026 10:10:46 AM org.eclipse.lsp4j.jsonrpc.services.GenericEndpoint notify
INFORMATION: Unsupported notification method: $/setTrace
März 11, 2026 10:11:01 AM org.eclipse.lsp4j.jsonrpc.services.GenericEndpoint notify
INFORMATION: Unsupported notification method: $/setTrace
März 11, 2026 10:11:01 AM org.eclipse.lsp4j.jsonrpc.services.GenericEndpoint notify
INFORMATION: Unsupported notification method: $/setTrace
